0.314826   -0.466482   -0.00915271
0.302903   -0.063448   0.376554
0.218916   -0.350752   0.404245
-0.387829   -0.448681   0.0383594
-0.0417052   -0.357056   0.411921
0.131554   0.0446751   0.121581
-0.266508   -0.295359   -0.00712148
0.200821   0.233953   0.140302
0.304499   0.291931   -0.286452
0.17448   0.397964   0.253877
0.0388752   -0.401234   0.310757
-0.482873   0.031256   -0.31772
-0.203422   -0.41319   0.0286201
-0.413235   0.468796   -0.089863
-0.193237   0.490946   -0.194984
-0.275778   0.0270664   0.000801462
-0.480028   -0.149112   0.303929
-0.167997   0.365322   -0.0656121
-0.0578814   0.0809245   -0.0118802
0.474673   0.219087   0.401961
0.491056   0.179077   -0.364696
0.170093   -0.148176   -0.255361
0.103337   -0.271557   0.0895642
-0.0931665   0.0455026   -0.25798
0.202862   -0.366027   0.111398
-0.3323   0.417995   0.26311
-0.431017   0.448213   0.241686
-0.466754   -0.272222   0.200191
-0.370501   -0.227081   -0.453114
-1.13926e-05   -0.116309   -0.202339
0.0623204   0.449246   -0.212728
0.104145   -0.286749   0.401511
0.108365   0.452504   -0.461518
0.378907   -0.180364   0.10253
0.0863908   -0.00831249   -0.387659
-0.405452   -0.499638   -0.217703
0.497787   0.343085   -0.0610013
-0.498954   -0.351424   -0.432427
0.499526   -0.446483   -0.179038
-0.136353   -0.417647   0.495829
-0.161892   0.208686   -0.0289823
-0.0246337   0.0547919   0.45538
0.146454   0.359981   -0.31586
-0.179904   -0.475925   0.467878
-0.236343   -0.0874298   0.126754
-0.376856   -0.25987   0.257659
0.0249544   0.3372   -0.141206
-0.0517157   0.411023   0.49474
0.00241028   0.217259   -0.0839552
-0.0356545   0.192183   0.0359604
0.162665   0.230499   -0.45392
-0.286534   0.402708   0.164937
0.402549   -0.453139   -0.235317
-0.298795   -0.208952   0.140121
-0.106913   -0.146849   -0.369686
0.0383261   0.0932393   -0.336541
-0.116784   0.360859   0.40476
-0.0631868   0.0527171   0.371059
-0.262005   -0.399791   -0.335784
-0.49479   0.0528479   0.0795763
-0.183884   -0.0458434   0.013466
0.122376   -0.139798   -0.425638
0.281907   -0.483026   0.211428
-0.372381   -0.374225   0.182726
0.473763   0.235564   -0.276
-0.0345729   0.449176   0.0554395
0.493674   0.443826   -0.141235
0.0638837   0.0497897   0.316469
-0.108576   0.377874   -0.223348
-0.453534   -0.185274   0.22715
0.397696   -0.338939   0.449092
-0.261614   -0.0324148   0.465709
0.400226   -0.420635   0.492227
0.313512   0.0181034   0.432419
0.28697   -0.0112545   -0.474763
-0.17067   0.28642   -0.42796
0.478544   -0.209156   0.446968
0.368589   0.00517807   -0.412353
0.460588   -0.240667   -0.332846
-0.329306   0.398034   -0.137658
0.210631   -0.0776231   0.11398
-0.0468421   -0.0773177   0.169823
-0.192229   0.217972   -0.229284
0.362176   0.3179   -0.211649
0.325837   0.249113   0.30478
0.158186   0.290815   0.216755
-0.300823   -0.044703   -0.22882
0.207709   -0.403802   -0.492821
0.370696   0.482491   -0.216632
0.317838   -0.384204   0.495611
-0.0959336   0.389816   -0.105104
-0.131862   0.361049   0.497158
0.318323   0.496265   0.133014
0.273662   -0.139398   0.10061
0.0081484   0.443322   -0.450621
0.0411702   -0.128804   -0.458697
0.247141   -0.227557   0.249969
0.454895   0.379731   -0.407528
-0.141214   -0.319825   -0.399634
0.329493   0.423659   -0.424168
-0.312188   -0.234946   0.466785
-0.379447   -0.178483   -0.126937
-0.163777   0.455575   -0.470608
0.0765252   -0.404539   -0.202839
0.480024   0.322816   -0.359657
-0.301814   -0.21722   -0.047394
-0.248048   0.00848541   -0.0841359
-0.338151   -0.175593   -0.201197
