1.6787   -1.46745   0.10991
-0.433231   -0.870134   -1.33731
-0.750094   -0.598764   -0.294167
1.6452   -0.47255   0.800444
0.568529   0.612263   0.767494
-0.0417799   1.51126   -1.06208
-0.434156   -0.315769   1.89867
1.43278   0.233544   -1.42156
-1.34396   0.0630376   0.40941
-2.1272   0.291056   -0.272422
0.141552   1.99706   1.41256
-0.413204   -1.76127   0.697787
-0.847577   -2.43928   -1.11481
-0.127893   -1.33473   1.37263
-1.76226   -0.314142   -1.63263
-1.99254   -0.2086   -0.524387
1.16313   -0.218535   -0.531418
-1.27632   0.289746   -0.528962
-1.32382   0.452114   0.37365
0.113869   -0.509729   -0.712471
1.56547   0.602608   0.795879
-1.59947   0.775143   0.425759
-0.407195   0.0628408   -1.88514
0.0760835   0.467341   -0.146934
-2.07583   0.361798   -0.124679
-0.480913   -1.43371   0.367049
-1.7916   -0.0442055   -0.326336
0.74463   2.62   0.451564
0.629402   0.581941   0.0526555
0.537929   -0.175991   -1.16009
-0.157165   -1.76614   -0.791565
-1.51168   -0.501129   1.69615
2.08019   -0.433653   -0.027613
-0.403009   0.628214   -0.46187
1.14794   1.62797   -0.269059
-1.07149   -0.103601   0.806181
-0.408745   -1.44488   -0.635318
0.28449   -0.142544   1.26335
0.995636   -0.783083   1.81818
0.0251103   -0.0718142   1.40311
2.47366   -0.291612   -1.03254
1.23333   -0.312112   -0.199119
0.688066   -1.48258   0.990628
-0.992098   -0.101619   -1.41957
2.51267   0.716464   1.0163
-0.104112   1.49692   1.95424
-1.46924   -1.3439   -0.998856
-0.447019   -0.092596   -1.21303
0.202348   -0.775474   -0.726026
-0.113982   -1.20978   -1.68306
1.36828   0.179163   -0.685804
-0.00515447   1.57464   0.228167
0.854378   -0.418264   2.03771
2.21687   -1.30553   -0.582232
-1.59583   -1.08883   1.01827
0.305615   -0.252826   -0.789318
-0.36626   -0.548267   -0.602222
-0.950072   0.64997   1.02292
-1.43778   1.65646   0.270242
-0.509877   -1.82495   0.492125
-0.251364   0.768105   -0.574566
0.740742   -1.00288   -1.06594
-0.270906   0.987749   0.860463
-1.70846   -1.23629   1.1046
-0.702782   1.21867   -1.35742
-1.38297   0.575555   -0.462616
0.0974328   -1.05205   -1.16448
-0.240463   -1.97291   -0.0986729
-0.479251   0.735211   -0.245779
1.19148   0.00380499   1.13011
-1.03281   -0.785299   -0.529152
0.402226   -1.22125   0.590208
-0.907831   0.771195   -2.0272
-0.761499   1.11879   -1.4649
0.274594   1.42766   0.739841
-0.108474   1.54664   0.718784
0.666318   -0.103165   -0.931572
1.37883   -1.08913   2.95826
0.40599   1.83637   0.306356
1.91717   -1.16609   -0.932051
-0.691911   -0.452301   1.17883
-1.4528   0.0401129   2.53101
0.145413   -0.225004   -2.43525
1.661   0.990536   -1.21723
-2.30004   1.7684   -1.16376
0.293809   0.135144   -0.327282
0.297299   0.550579   0.197599
0.0845745   0.0873238   0.955818
1.15415   -1.05594   -0.91103
0.261933   1.91793   0.66027
-1.55655   0.432992   0.998312
-0.713492   1.22474   0.43278
0.0879535   0.559834   0.304163
1.19998   -0.939128   -1.0482
0.147153   2.44155   1.09939
0.647334   0.0665323   0.856437
0.71774   -3.29729   -2.05474
0.122049   -0.298453   -1.09234
2.10329   0.974759   0.700444
0.614018   -0.156826   -0.232185
-0.959813   0.638401   -0.754613
0.754737   0.173481   0.294091
1.27347   -0.146893   0.803865
-0.369534   0.55316   0.904543
1.32062   1.38818   0.91735
1.05744   1.68489   0.364521
0.173243   0.112299   -0.367539
-1.21433   -1.52121   0.0900477
