-0.492847   -0.495666   -0.495499
-0.325074   -0.354745   -0.477131
0.490577   -0.335349   -0.33187
-0.326826   0.490534   -0.330832
-0.145043   -0.499119   0.494872
0.00605795   -0.321008   0.488296
-0.152173   -0.317167   -0.319482
-0.00883552   0.485147   -0.334052
0.157901   -0.497058   -0.487746
0.326759   -0.348222   -0.490812
0.161053   -0.318186   -0.332248
0.317207   0.499017   -0.312634
0.492926   -0.17982   -0.487724
-0.326641   0.00490488   -0.487993
0.492498   -0.00314434   -0.335463
-0.314308   -0.155454   -0.337604
-0.156581   -0.173943   0.492558
-0.0162527   -0.0130549   0.490645
-0.169786   0.00879341   -0.307266
-0.00634334   -0.165526   -0.327795
0.15311   -0.166904   0.481068
0.319217   0.00833582   -0.490647
0.15515   -0.00256243   -0.330619
0.336118   -0.161557   -0.344595
-0.498818   0.1507   0.489584
-0.331616   0.324853   0.497747
0.48963   0.320291   -0.346742
-0.341999   0.15462   -0.317971
-0.166057   0.170342   0.486672
0.00435834   0.318697   -0.490009
-0.178411   0.323183   -0.324231
0.0191935   0.169879   -0.341965
0.169157   0.17919   0.492799
0.342438   0.327216   0.485082
0.169656   0.340707   -0.337675
0.3086   0.174331   -0.332873
0.498951   0.489859   -0.179478
-0.340629   -0.3248   -0.177519
0.499276   -0.366279   -0.0208285
-0.318508   0.477528   -0.0188743
-0.168082   0.487948   -0.179611
0.00301659   -0.339527   -0.168827
-0.17093   -0.323068   0.00961259
-0.00973832   -0.498491   0.00877292
0.143697   -0.496314   -0.174624
0.334873   -0.324667   -0.164154
0.162728   -0.318193   -0.00301048
0.313774   -0.488085   -0.0213889
-0.492039   -0.176982   -0.177161
-0.342355   -0.00284059   -0.175854
0.498765   0.00267349   0.00155665
-0.355619   -0.166224   -0.0137971
-0.15978   -0.157052   -0.137253
0.00895194   -0.00126096   -0.163336
-0.170597   0.00477614   -0.0018617
0.0196494   -0.137895   0.0126158
0.180846   -0.149136   -0.164189
0.344266   -0.00958999   -0.182255
0.179049   0.0156534   0.00597219
0.351969   -0.156932   -0.0147903
0.4958   0.168406   -0.141425
-0.348306   0.315916   -0.166062
-0.494991   0.344694   -0.000859638
-0.335322   0.157215   -0.00385373
-0.14354   0.164182   -0.149555
0.00974868   0.334085   -0.168012
-0.17617   0.31614   -0.00341463
0.00562608   0.150451   0.00691289
0.182114   0.160639   -0.161745
0.340539   0.333153   -0.157627
0.15126   0.343314   -0.000671166
0.331922   0.163644   0.00308919
0.499726   0.483828   0.162217
-0.334421   -0.332859   0.142699
0.485044   -0.333635   0.341501
-0.343806   -0.497606   0.343294
-0.186365   -0.497353   0.164654
-0.018508   -0.308225   0.146001
-0.172385   -0.335252   0.343718
0.00358344   -0.492401   0.317688
0.18738   -0.488722   0.158896
0.344531   -0.345765   0.151928
0.177253   -0.334958   0.316116
0.337857   -0.496719   0.328132
0.493109   -0.176969   0.17309
-0.343303   -0.0252869   0.155612
0.496121   0.0103704   0.341895
-0.336881   -0.160478   0.360055
-0.171552   -0.154472   0.184825
-0.00398285   0.00847239   0.186843
-0.18889   -0.00475849   0.344017
0.00441282   -0.160758   0.32061
0.197236   -0.16408   0.172997
0.348216   -0.00497743   0.16659
0.172632   0.0135458   0.331133
0.338094   -0.154962   0.34193
-0.491968   0.169646   0.169145
-0.347124   0.338745   0.171723
0.497336   0.336347   0.326641
-0.339318   0.166593   0.338907
-0.17052   0.163063   0.168037
0.00581932   0.340614   0.174363
-0.157406   0.324183   0.319119
0.00813161   0.157597   0.335295
0.171594   0.167815   0.18361
0.333351   0.339337   0.148423
0.187174   0.349004   0.330941
0.333619   0.165885   0.335016
