-0.419046   0.0555742   -0.877538
-0.336385   -0.242211   0.688745
0.989311   1.09729   -0.309938
0.59992   -0.544943   0.788534
-0.117479   -0.0408702   -0.996783
0.0625634   0.223996   -0.269621
-0.723176   2.69365   0.435899
-0.573954   -2.76843   1.00979
-0.454693   -0.516209   -0.287047
0.364574   -0.369679   -0.921089
0.766078   1.64899   -1.43912
0.0171568   0.346312   1.24725
0.303352   -0.585913   -1.08924
1.15387   -1.57045   -0.126918
0.764061   1.2357   0.766172
0.484509   -0.637051   -1.3998
0.333692   -0.818592   -0.382247
-0.980695   -0.473726   -1.56153
0.748636   -0.573612   -0.0758616
0.772173   0.401991   0.916715
0.718489   -0.392139   -2.35436
0.412903   -1.01395   0.835301
-0.367888   -1.11962   1.00109
-0.0483976   1.35976   1.26768
0.0764477   0.112877   0.595415
0.912056   -0.972616   -0.451556
-0.380595   0.615093   0.550146
0.647965   -1.64886   0.245614
-0.199659   -0.0852916   1.0557
0.119808   0.600973   -0.361706
-0.615525   -0.307964   0.739612
0.0771026   -0.6473   0.219003
-0.716414   0.926048   -0.708501
-0.429222   -0.702335   0.402201
-1.84079   1.07174   -0.448354
-0.770079   0.103303   1.53531
3.03678   -0.856143   -1.1162
1.00915   0.55594   0.286694
-0.678769   0.368005   0.715227
0.275632   -1.41781   -0.203686
-1.22477   1.06747   -1.05402
-0.206106   -0.316034   0.993729
-1.28559   0.329445   -0.953122
-0.193893   -0.727256   -1.09191
-0.0836332   0.106309   -0.718937
-0.902337   1.01947   0.9805
-0.0626712   0.315494   -1.326
-0.261261   -1.26146   -0.0770594
0.242675   -0.0130916   -0.565528
0.676827   1.33325   -0.460262
0.277153   -0.920509   -1.54983
-0.430974   -0.845435   -0.171177
0.900068   1.62817   0.0690755
1.23435   0.775832   -1.40563
0.129   -0.712353   -0.909945
0.268302   -0.525947   -0.799715
0.279732   -0.863492   -0.0240124
0.077295   0.62019   -1.15538
-1.16234   0.562649   -0.439404
0.936545   -0.374924   0.362856
-1.47004   0.284386   0.465247
-0.811966   -2.04961   -0.0336249
-1.51632   -0.0462499   0.430717
0.233161   1.01905   -0.544489
-1.78856   -0.240273   0.477138
0.314217   0.366569   1.64785
2.38298   -1.39528   -1.05693
-1.71148   -0.449884   1.79053
0.818106   -0.288631   0.507714
-1.13268   -0.187867   0.907611
-0.505865   0.419623   0.0513654
0.0439001   0.0574967   -1.29658
0.210991   0.0374089   -0.855264
-0.0629571   0.962197   -0.0854904
-0.385686   1.07722   0.257767
0.943779   -0.537874   -0.768842
-0.233003   -0.486397   -0.598492
1.39198   -0.569224   -0.381235
-0.713995   0.342844   1.2642
-0.824847   -0.109463   -0.0436883
1.83702   -0.199359   -0.402605
-0.559619   0.481523   0.056174
-0.235227   -0.979171   -2.05859
-0.704611   -0.151614   0.0237715
-0.925728   -1.21816   -0.153113
1.67937   -0.181267   1.2568
1.04779   1.86507   2.01282
-0.960896   0.953096   1.69897
1.63905   0.896175   1.12782
0.897644   0.0509575   0.183472
-1.82143   1.56696   -0.40687
0.515479   0.920153   0.580412
-0.777456   0.33675   0.0556572
-0.567734   -0.605181   1.38204
0.525789   -1.70976   0.86255
-0.5601   1.93778   0.62725
-1.43406   0.320802   -0.869214
0.341819   -0.351232   -0.442401
-1.12193   -0.691198   0.589751
-0.643679   -0.583026   -0.415072
1.33311   0.719098   -0.456935
-0.923015   0.1027   0.638812
0.392091   1.09257   -0.0758199
-0.079019   0.615948   0.21385
0.111293   -1.24831   1.08339
1.78418   1.13598   0.105994
-1.22457   -0.568994   -0.233433
1.05089   0.976373   1.25378
