-0.0512083   -0.00119178   -0.0660134
-0.363467   0.245302   -0.0148995
0.157458   -0.295725   0.0667588
-0.00250607   0.403246   0.391018
-0.215791   -0.143918   0.383307
0.410395   0.10194   -0.345142
-0.119419   -0.0365819   -0.235309
-0.331062   -0.0434403   -0.0299909
0.439957   -0.293063   -0.311748
-0.277631   0.348861   0.0549083
-0.0756899   -0.1755   -0.430552
-0.415589   -0.274356   -0.189277
0.00940527   -0.371569   0.216772
-0.0854521   -0.388042   -0.199526
0.361596   -0.407655   -0.00355893
0.0964006   0.180263   0.356402
-0.241371   -0.134997   -0.20321
-0.429027   -0.240914   0.408784
-0.415255   -0.416881   -0.17425
0.226982   -0.0506511   0.341928
-0.452177   -0.0862496   -0.251211
0.148328   0.0601966   -0.211238
-0.375981   -0.0916729   0.370873
0.152268   0.31915   -0.393308
0.0764132   0.46603   0.220988
0.126002   -0.372364   -0.0109183
-0.447522   0.415461   -0.137988
-0.270482   0.123648   0.31566
0.463703   0.488173   -0.217356
-0.134679   0.430923   0.157425
0.158602   0.426667   -0.105928
-0.325334   -0.411121   -0.139608
0.174073   -0.159953   0.257915
-0.10435   -0.0617411   0.227468
-0.496249   0.300108   -0.252694
-0.480775   0.14709   -0.47875
-0.47416   0.243337   -0.418274
-0.245187   -0.00344585   -0.163238
0.498521   -0.185372   -0.135362
-0.0282644   -0.459687   0.192621
-0.206413   0.334011   0.0695809
-0.348566   -0.473575   0.122615
-0.385887   -0.139996   -0.0127229
-0.0706911   -0.290783   -0.41789
-0.15942   -0.00320535   0.0113763
0.495559   0.0711985   -0.38028
0.0927537   0.0531584   -0.266382
-0.413868   -0.0197132   -0.293562
0.264377   0.282985   0.10184
-0.368756   0.472387   -0.14759
0.123244   -0.467953   0.127
-0.494624   -0.457885   -0.164053
-0.315842   0.0379954   -0.046658
0.164718   -0.261868   0.444403
-0.43801   -0.411833   -0.309855
0.179687   0.422314   0.0967857
-0.195523   -0.327845   0.403059
0.230591   0.314211   0.171188
0.214173   0.237515   0.235927
0.399399   -0.167907   0.311088
0.459886   -0.0612524   0.0294332
-0.281608   -0.425131   -0.052613
0.0138279   -0.39139   -0.179419
-0.283683   0.0136038   -0.471446
0.465684   -0.407257   0.0512769
0.321885   0.108629   -0.20159
0.410709   -0.343366   -0.411363
-0.133559   0.253934   0.191327
0.0216439   0.136579   0.354326
0.140166   -0.0240777   -0.213883
-0.147149   0.13288   0.400007
0.224372   0.371146   0.300164
-0.238151   -0.0689113   -0.0413752
-0.149396   -0.176866   -0.2255
-0.371181   0.494727   0.272967
0.322843   0.222411   0.236473
-0.437645   0.0460696   -0.267009
0.492699   0.00230812   -0.303998
-0.178635   -0.0547722   -0.494222
0.220933   0.116389   -0.490156
0.286117   0.0673211   0.32602
0.395555   0.0129209   -0.210022
0.374131   -0.224887   0.0945843
0.1992   -0.240834   -0.198242
0.0829692   -0.145849   -0.117211
-0.452729   0.0299594   0.252277
0.342781   -0.211759   -0.154854
-0.105875   -0.0955322   -0.499323
-0.00645399   0.49516   -0.190833
-0.47124   0.227041   -0.266064
0.438626   -0.0449748   -0.0756858
-0.262993   0.262112   0.199393
-0.236197   0.0114574   -0.0606301
0.298056   0.131203   -0.287552
0.210281   -0.25761   -0.482273
0.0714916   -0.142896   0.467288
-0.103711   0.2684   0.443506
0.485544   0.14506   -0.0804819
0.38455   -0.387248   0.151525
0.473161   0.289816   0.402972
0.142233   -0.182952   -0.170751
0.481934   0.128601   -0.270739
0.285687   -0.328385   -0.00945704
-0.145647   0.109583   0.489445
-0.467299   0.16693   0.0367776
0.357244   -0.434985   0.0834264
-0.11623   0.188689   -0.390769
-0.223205   0.420493   0.134928
