-0.638977   1.80434   0.593512
0.442184   0.187702   2.008
-0.375622   -0.93508   1.48407
0.548333   -1.4202   0.843713
-0.359386   -1.84051   -0.877855
-1.47395   -1.75319   -0.683682
-1.11098   0.195347   -0.323868
0.977181   0.707924   2.56891
-0.123628   -0.261302   -0.438423
-1.08268   1.22574   -0.675194
0.504428   -0.992839   1.78439
1.37149   1.13185   -0.832458
0.935326   1.05068   1.74004
1.31567   -1.00791   -0.18842
-0.887968   -1.00169   -0.935701
0.061453   -0.58267   0.0592364
-0.852116   -1.19425   -0.890764
-0.543081   0.121233   1.04588
0.0480257   0.476268   -1.18137
-0.221202   0.214228   1.71268
-1.54528   -0.176447   -1.19266
-0.381332   -1.44555   0.468522
-1.70941   1.27398   0.410708
-0.00346147   1.70365   -0.0970239
-0.205019   0.264545   1.48029
-1.25378   1.16386   0.165307
0.982991   1.22572   -0.870099
-0.201388   -1.67709   0.58756
-2.02572   0.520024   0.0397425
0.458159   0.873167   0.00405792
-1.06493   -0.489892   -0.386196
-2.33523   -0.260026   0.750762
1.29819   -1.15105   1.25823
-2.70136   -1.16086   2.2743
-0.304562   -1.34574   0.90968
1.00317   1.60019   -0.258577
-0.47714   0.0759424   -0.0600908
1.13031   -0.657059   -0.199064
-0.310477   0.553624   -1.21831
-1.09876   0.0513095   -0.166588
-2.01253   -0.370856   -0.145915
1.85498   1.23006   2.20358
0.692649   -0.10937   -1.1894
-0.1946   -2.00868   0.149537
0.495821   -0.90429   -0.0135216
-0.907319   -0.389637   0.528938
1.63092   -1.37108   -0.461222
-0.317087   0.189619   -1.77043
-0.90293   0.193159   1.98564
0.216089   -1.55611   -2.81892
0.405661   -1.08734   -0.246211
1.03504   0.501711   -0.109329
-0.0652095   1.64565   -0.65183
-1.17338   -0.311736   -0.194967
1.23277   0.74968   0.931313
1.21088   1.9262   0.209506
1.32909   0.647667   -1.04201
-0.371125   -0.100915   0.25943
2.01397   0.299437   -1.14919
0.737987   2.94081   0.106087
1.43807   -0.567924   0.734548
-0.618699   0.306603   -2.29839
0.40514   -1.11017   0.468759
0.906633   1.17442   -1.73156
-0.12049   1.91643   0.664327
0.0366285   1.45988   0.205056
-0.366611   0.501672   0.494995
-0.585585   -0.653722   -1.76184
1.11016   -0.366196   -0.0391492
1.58376   -0.962359   0.38122
-0.0851742   -1.1337   -0.66257
-0.537284   0.912464   -0.932036
1.85469   0.417548   0.0495809
0.516273   0.442449   1.20747
-0.392505   -1.26246   1.68619
-0.0918564   0.130566   -0.590472
-1.42092   1.46775   -0.516979
0.743624   0.760025   -0.301005
0.000499923   -1.30712   2.02778
-2.44647   1.23343   -0.448383
0.684575   0.305652   -1.71742
-0.662541   -0.413562   -0.729618
-1.29084   0.350782   1.68217
-1.95467   -1.02184   -0.841635
1.24782   -1.1091   0.643516
-0.33878   -0.0764703   2.96341
-0.195395   1.14463   -0.720832
3.08302   -0.748631   -1.0371
-1.78952   0.136407   1.14254
-1.24676   0.32977   -1.23867
0.0404122   0.289277   -0.427946
-1.00678   1.29865   -0.23138
0.897846   0.175081   -1.60295
1.98468   -1.4914   1.18299
-0.36864   0.437133   0.240546
1.05994   -0.512694   -1.03999
1.66604   -0.642605   0.299699
1.07743   -0.554096   -1.38433
-0.54962   1.67788   0.103495
-1.36423   1.05851   0.452429
2.24305   -0.216236   -2.45217
1.62546   0.0548316   0.729264
-0.970868   -2.28023   0.291642
0.134844   0.400351   -0.593161
0.0103052   -2.2222   -0.70008
-0.291043   2.10124   1.15069
-0.0845554   -0.521971   0.271492
-0.272205   -0.490684   -2.36845
