-0.299706   -0.370737   0.494583
0.181612   -0.291935   0.0333752
0.369951   0.415216   0.289777
-0.225037   -0.264789   -0.286378
0.157069   -0.1048   0.17206
0.254992   -0.456929   -0.174194
0.10775   0.124396   0.483065
-0.319767   -0.0538414   0.156314
-0.00334691   -0.438111   -0.273578
-0.443313   0.198836   -0.494633
0.102896   0.386916   -0.155822
0.112352   0.380891   -0.36777
-0.489484   -0.350262   -0.0717499
0.305231   -0.221487   -0.4801
-0.415174   -0.301512   0.165251
-0.0362045   0.278807   0.487731
0.416654   0.386883   0.484909
0.494835   -0.0662425   0.2327
0.251305   0.0435099   -0.409166
0.109991   -0.0887819   0.434517
0.471442   0.305928   -0.263034
-0.102143   0.409591   0.292281
0.349428   0.0241155   0.416951
-0.367342   0.329794   0.36004
-0.449694   -0.269761   -0.380183
0.246527   0.333637   0.0467519
0.150083   -0.0697369   -0.0434268
-0.198496   0.0927077   0.21741
-0.205809   -0.483876   -0.336711
-0.0323069   -0.342128   0.00913043
0.471682   0.259283   0.115993
0.352569   -0.42664   0.00823069
0.277176   -0.43986   0.199503
0.435609   -0.409813   -0.453203
-0.286936   -0.309754   -0.103176
-0.267143   0.333965   -0.20252
0.3865   -0.0805965   -0.17088
-0.137336   -0.105184   0.381173
0.339667   -0.24138   -0.0852193
-0.124003   0.18378   -0.342344
-0.0391856   -0.163132   -0.115352
-0.112828   -0.275712   0.472219
0.484631   -0.44606   -0.249047
-0.0810725   0.372812   -0.253474
0.210166   0.181753   -0.113292
-0.192979   -0.0423891   -0.264056
0.397479   0.204443   -0.0958465
-0.305842   0.321462   0.156548
-0.269613   0.0647659   -0.424775
-0.00580337   -0.103189   0.0789731
0.255586   -0.411735   0.426024
0.332556   0.444866   -0.343708
0.0967181   -0.474836   0.130366
-0.0220345   -0.16955   -0.34719
-0.0213294   -0.242819   0.210695
-0.215005   -0.416157   0.104499
-0.104423   0.21346   0.0771812
0.422427   0.0295411   0.0169335
-0.322717   0.0147639   -0.10511
0.497309   0.398828   -0.0559189
0.143208   -0.275735   -0.15104
-0.427165   -0.193628   -0.189391
-0.24117   0.178931   0.42016
-0.00655925   0.0724104   0.249759
-0.269833   -0.279742   0.316555
-0.289665   -0.125338   -0.497723
0.211954   -0.39708   -0.361362
-0.224312   -0.196404   0.0422808
-0.380604   0.145855   0.176618
-0.34978   0.221624   -0.0388696
0.451048   0.146771   0.28636
-0.421617   0.45953   -0.412143
0.0689532   0.187458   -0.278324
-0.488083   -0.461828   0.350533
0.172719   0.345315   0.433081
0.0813907   -0.0185761   -0.247032
-0.32542   -0.482211   -0.191142
0.264989   -0.192655   0.32006
0.0675522   -0.338146   0.481163
0.336266   0.220606   0.452068
0.352957   -0.239581   0.123653
-0.127651   -0.401716   0.32724
-0.34254   0.0147107   0.380744
-0.138158   0.180823   -0.143384
-0.483615   -0.155231   0.0246083
-0.14882   -0.4581   -0.110917
-0.28721   -0.491877   0.294698
-0.143576   0.0222661   0.0330572
-0.0572216   -0.000972229   -0.444541
0.422768   0.0856899   -0.285366
0.245905   -0.153683   -0.276004
0.19066   0.20544   0.295204
0.250089   0.15159   0.0982887
-0.0534964   0.48877   -0.480724
0.0492283   0.294268   0.167331
-0.453519   0.499813   0.150758
0.267832   0.256896   -0.334522
0.485283   -0.265356   0.365579
0.380508   -0.295587   -0.281157
-0.28892   0.421381   -0.0162194
0.112263   -0.327056   0.302544
-0.367199   0.163796   -0.25724
-0.26553   0.312031   -0.412256
0.0012525   0.0614401   -0.0831418
0.0769693   0.48907   0.346199
-0.376457   -0.0418667   -0.297502
0.461808   -0.0793506   -0.434913
-0.0836025   0.444024   0.0930432
