-0.760885   -0.872332   0.240456
-0.793282   -0.319177   -0.144636
1.3062   0.547813   -0.545193
1.13574   -2.05579   -0.382887
-0.086257   0.498276   0.293205
0.942372   0.591108   1.1711
-0.443556   -1.4074   -2.14781
-0.0294235   0.535404   2.38511
0.326056   -0.25184   -0.919828
1.157   -1.52383   -1.02531
-1.13488   -0.565974   -0.534053
0.859238   -0.0173286   -0.0267961
-0.276234   0.251014   0.494205
-1.08275   -0.924891   -0.540244
0.685891   0.0221262   -0.294584
0.0357593   1.10793   0.0535654
-1.01345   0.313677   0.978807
1.54527   -0.586997   1.01456
-0.209775   -1.21989   -1.47032
0.921846   -0.94839   -0.981947
-1.98734   -1.2692   -0.1027
-0.530664   -0.339168   1.22731
0.0885279   0.362198   0.286187
0.37218   0.0415264   -0.589512
-0.0266688   0.526381   -1.06173
-1.16596   -0.815262   -0.313585
-0.8459   -1.03797   -1.28556
0.309604   0.434325   0.0401213
2.74134   0.666538   0.863547
0.0310159   0.871209   -0.169349
-0.521709   0.897143   -0.711757
-0.919505   -1.05497   -1.26004
0.633338   -0.475411   -0.263963
-1.05534   1.51503   -0.400524
1.0017   0.487435   -0.314394
0.763802   3.05759   0.0980589
-0.862033   -1.16918   -1.66724
1.77771   -0.862955   -1.36915
1.22431   1.75843   0.972404
0.396931   0.909044   0.942822
0.222779   0.197065   -0.889347
0.899921   0.89637   -1.31953
0.644653   1.20306   0.324737
-0.244043   0.247604   0.900402
-0.508309   0.444828   -0.123063
3.14062   -1.14451   0.647785
-0.428181   -1.14168   -0.919153
-0.217021   1.00658   2.07122
-1.32127   -0.242812   -0.43408
1.22044   -0.600946   0.532109
-1.11424   -0.687817   0.860567
-0.523266   0.16818   0.695388
-0.418362   -0.439875   0.823335
-0.362528   -0.303904   1.26547
1.95765   -0.36311   0.0432206
-0.624008   1.4648   -0.232944
-0.197527   -0.597828   -0.563869
0.170487   -2.25565   -1.26062
0.864981   -0.12145   -0.729868
1.12871   -0.278669   -2.09881
0.121925   0.545415   -0.615155
-1.28212   0.331511   0.744817
0.841618   2.12582   -0.342866
-0.270669   0.459316   -1.06394
-0.66211   -0.627848   0.374422
0.186709   1.45222   1.60949
-0.38127   1.57244   -1.36513
-0.182992   2.17373   0.614223
0.0150014   1.16637   1.06004
-1.07172   -1.15287   -1.60862
-0.189598   0.420998   1.39487
0.634614   1.79467   -2.18707
0.0522466   1.49891   2.74012
-1.63915   -0.917465   0.685142
0.611178   -1.82648   0.371685
0.920185   0.625632   -1.27166
-0.388047   0.266126   0.944495
-0.206114   -2.53349   -1.30343
1.04721   0.316584   0.34073
-1.63321   0.252394   0.657755
0.0293371   1.13636   0.824396
-0.199138   -0.489973   0.0318851
2.99533   -0.170863   0.753031
-0.63299   0.400442   0.0439169
-0.624438   -0.709883   0.185705
-1.67535   -0.545179   0.266063
-1.18618   -0.037617   2.53095
-2.22962   0.550929   1.6383
-0.979298   -0.766694   -1.35239
-0.121606   -1.76789   0.110828
-1.33798   -0.327203   1.36261
-1.70115   -0.338728   -0.667002
-0.283534   -0.171943   1.16322
0.613432   0.92927   1.39246
2.05572   -0.958593   0.0706295
0.390639   -0.41964   -0.0440754
2.14618   -1.00556   -2.49788
-0.407498   -1.25981   -1.06302
0.341203   -0.0850765   -0.93725
-1.36634   0.535231   0.309216
0.800005   0.195194   0.366675
-0.470167   0.676093   0.26643
-0.948701   -1.0408   0.821056
0.346573   0.185289   0.813714
-1.19163   0.858738   0.0473172
0.940463   1.00384   -1.13483
-0.54469   -0.454592   0.729958
-0.0839752   1.00823   0.0568767
