0.444239   0.0632731   0.369607
0.259432   -0.038893   -0.1752
0.401298   0.341758   0.180089
-0.336969   -0.226983   -0.115944
0.445525   -0.401856   -0.138854
-0.0153113   0.47085   0.203467
-0.435026   -0.348959   -0.455544
0.281693   0.242544   -0.440133
0.494078   -0.410913   -0.280599
-0.0183428   0.497446   -0.215783
-0.273009   0.0330885   0.148452
-0.121128   -0.28633   0.0801501
0.337315   0.240043   -0.00658651
-0.360076   0.163085   -0.348268
-0.131676   -0.430374   -0.216286
-0.0489611   -0.226395   0.361172
-0.350409   0.288146   -0.210365
-0.318993   0.178656   -0.253826
0.197888   -0.115402   0.356085
-0.189392   -0.127128   -0.430638
0.32648   0.385213   -0.493042
-0.279716   0.429009   0.414434
-0.346053   0.0970026   -0.172786
-0.33828   -0.192438   0.342614
0.453502   -0.114049   0.0311423
0.137641   0.336872   0.300731
-0.0171075   0.470532   0.403334
0.112394   0.490995   0.0365415
-0.232946   -0.124931   0.359902
0.206053   0.0853013   0.31341
0.0569631   -0.349403   0.000480032
0.397268   -0.23595   -0.47441
0.410384   -0.358844   0.320893
0.161107   -0.0809653   0.0823843
0.030848   -0.480385   0.0208359
0.444176   -0.351297   -0.197435
0.150506   0.343541   0.4618
0.421108   -0.424081   -0.45138
-0.233922   0.314409   0.185603
0.43376   0.184623   0.326408
0.446739   0.401079   0.131056
0.462417   -0.300112   -0.398967
-0.127835   -0.0942655   -0.329683
-0.00716498   0.0387829   -0.186512
-0.469062   0.00692878   -0.222709
0.281496   0.0780511   0.374709
0.295571   -0.155201   -0.189329
0.389354   -0.157373   0.202716
-0.349614   0.399546   -0.0884828
-0.384811   -0.29758   0.45196
0.428409   -0.477988   0.487798
0.305571   -0.0207175   0.413873
0.299416   -0.129234   0.110005
0.380811   -0.182828   0.380317
-0.309245   0.495115   0.344561
-0.135119   -0.243317   0.376687
0.0406256   -0.00547443   -0.241246
0.0811824   0.353213   -0.262145
-0.226218   0.0767545   0.492075
0.417649   0.171697   0.431208
0.288325   -0.0471267   0.0844122
-0.330074   -0.0677791   0.0352419
-0.334543   -0.484745   0.489692
0.282086   -0.499935   0.461961
-0.423416   -0.480884   0.295236
0.135796   0.293016   -0.301723
-0.259736   -0.25807   -0.451968
0.405423   0.467223   -0.284373
-0.443367   -0.0204498   0.0100932
-0.167174   0.0949649   0.1556
0.23126   0.147668   -0.291141
0.250656   -0.186912   -0.0511414
0.328833   -0.406438   0.293579
0.317348   -0.416447   -0.11598
0.225825   0.4062   -0.406246
0.304925   0.333813   0.126302
-0.449295   0.272549   -0.0858152
0.308498   -0.410298   -0.193886
-0.487189   0.455622   -0.394372
0.493692   0.353545   -0.200613
0.100723   0.397152   -0.406891
0.284393   -0.332303   -0.273086
-0.0291954   0.431577   0.0341483
0.263098   -0.114089   0.425615
-0.365793   0.261179   -0.338484
0.464406   0.191099   -0.372588
-0.333932   0.116248   -0.49709
0.18446   0.0083973   -0.14093
0.350991   0.451233   -0.127564
0.0350326   0.195087   0.273926
-0.159248   -0.423876   0.132291
0.407752   -0.373395   -0.363127
0.373438   -0.243919   0.439076
-0.392963   0.392678   -0.179671
0.295265   0.110339   -0.33805
0.45194   0.283215   -0.28542
0.100784   0.00111951   0.217582
0.293354   0.448735   -0.457107
-0.22362   -0.420622   0.0550467
0.330207   -0.13278   -0.373602
0.0920903   0.216447   0.486471
0.0460229   0.288459   0.00273052
-0.448897   0.475323   -0.315075
0.10617   -0.27337   -0.345689
0.189157   0.443345   0.0832197
-0.35032   -0.16972   -0.345287
0.335086   -0.236937   -0.412492
-0.454786   0.175975   -0.253157
