-0.017568   0.787412   0.191103
0.0547096   -2.14872   1.37636
0.648735   0.990536   0.161001
-0.0381756   0.359742   1.73353
1.84589   1.033   0.136479
-0.637772   -0.305179   0.131609
1.45697   -0.765999   -0.373839
-0.876339   -1.02052   -1.92184
0.825276   0.205694   1.57722
1.75972   -0.590597   0.516595
1.05171   0.958429   2.54574
-1.26225   2.3582   -0.834723
-1.02714   -0.690211   -1.2703
-1.0214   -0.95595   0.16279
-1.57662   1.1803   -1.97503
-2.32918   -0.365635   1.6903
0.177304   -0.0603631   -1.54626
-1.10036   1.14635   1.77777
0.178413   1.09321   0.981661
-1.04594   -0.63945   -0.0508323
0.469963   1.10548   1.63613
0.179816   1.83603   -0.916254
0.204591   -0.0373434   -0.294654
-0.432669   1.76533   0.0923981
-1.94087   -0.840192   0.290114
-1.17583   0.871759   -0.730466
-0.674065   -0.000658162   0.380981
-0.352585   -0.302935   -1.90982
1.79489   -1.22677   1.23511
1.08423   -0.184227   0.336264
0.126214   -0.141014   1.44829
2.03021   -0.332539   -0.57458
-1.02633   0.295823   0.969301
-0.578182   1.26381   -1.68352
-0.77295   0.223072   0.824206
1.81655   1.77147   -1.69815
-0.924791   -0.30869   -2.29179
0.495263   -1.66518   0.327585
-0.422138   -0.976296   -0.688787
1.01918   -0.0135944   0.312313
0.339707   0.798017   1.25631
-0.109073   -1.71434   0.615295
-0.301676   0.485194   0.267338
0.775929   -2.41601   -1.61409
1.55312   -1.51048   -0.375182
0.568897   -0.516692   0.00226088
0.487428   -1.6543   0.280317
-0.74608   0.483598   0.928952
0.0527832   0.374403   0.0778009
-0.304799   -2.40375   -0.755229
0.361618   -1.0148   0.731255
-0.995773   0.73998   -0.69566
1.43871   0.464175   0.33927
0.108198   -0.532517   0.189451
-0.618383   -0.505614   0.433441
0.925945   -0.944222   1.73176
-0.14194   -0.896725   1.51156
0.596266   0.76162   0.926552
0.499792   1.31946   -2.26119
2.1321   -0.138561   0.449049
-0.808137   0.0836455   -1.14372
-0.916819   1.75578   1.81973
-0.0795999   -0.199987   -1.17098
0.529075   -0.246936   -1.18579
-1.95283   -0.60743   0.0213786
0.745259   1.32611   -2.61805
0.520078   2.31815   0.0303585
-0.941399   -0.366885   0.954073
-1.25929   0.901168   -1.83967
-1.44852   1.53857   -0.637883
1.17426   -1.39917   -0.497556
-1.35835   0.633912   1.08726
1.67722   0.681981   -1.22497
-0.731318   -1.74376   0.868021
-0.442361   -0.707369   0.495865
0.399332   0.195722   2.15204
-1.54283   -0.372192   -0.90467
0.236346   1.02077   1.40533
0.904107   0.998687   -0.131258
-1.92494   -1.58276   0.646232
-0.511988   -0.851065   -0.387185
-0.590133   1.17037   -0.0930079
-0.905736   0.305689   -1.34993
-0.560997   1.40262   -0.0420757
-1.55609   -1.3204   -0.271444
-0.810415   -0.581835   1.11203
-0.447124   -0.182832   0.103049
-0.064755   -0.969529   0.117105
1.25537   1.46528   -1.72149
2.1507   1.9408   -0.49456
1.49807   -0.689388   -1.46969
-0.295062   0.256435   1.37248
1.65078   0.39043   2.4393
0.0860812   0.62743   1.10601
-1.45846   -0.0769273   0.113782
1.44249   -1.1258   -0.346432
0.791221   -1.46581   -1.21336
1.31146   -0.0392428   -1.25862
0.806699   2.34538   -2.04599
0.905536   0.623242   1.19785
-0.9059   0.452535   -0.38554
0.981021   -1.7909   -0.662938
-0.176984   0.0732337   0.77306
-1.38959   -0.426786   1.54191
0.271116   -1.18449   1.15382
-0.208951   0.0709342   -1.47171
-0.784141   0.0821893   -0.982865
0.127246   -1.58157   -1.07254
