0.491867   0.485745   -0.498428
-0.324037   -0.340822   -0.480043
-0.498347   -0.33011   -0.332251
-0.344904   -0.496954   -0.329815
-0.168841   0.490979   -0.492706
0.00130062   -0.351952   -0.499668
-0.138725   -0.344705   -0.332009
0.0114145   0.47891   -0.330724
0.180636   0.485468   -0.498985
0.338901   -0.350324   -0.495517
0.148761   -0.326111   -0.327609
0.328154   -0.474598   -0.328465
0.498736   -0.170729   -0.480188
-0.304648   -0.0105511   0.495644
0.488809   -0.00260347   -0.323539
-0.325806   -0.168334   -0.330659
-0.15102   -0.172196   -0.492443
0.00183675   0.0136615   -0.478631
-0.166291   -0.00602758   -0.31775
0.00671748   -0.146131   -0.327243
0.176461   -0.189065   -0.496918
0.324236   -0.00374066   0.48688
0.169019   0.019766   -0.337502
0.323746   -0.144594   -0.34055
0.497833   0.13508   0.489414
-0.337171   0.323996   -0.499969
-0.496646   0.320271   -0.318258
-0.332891   0.150794   -0.348287
-0.15507   0.176377   0.471783
0.00364471   0.337634   0.483646
-0.183305   0.334907   -0.324825
0.000195282   0.174907   -0.313733
0.16325   0.155137   0.496824
0.330288   0.334007   0.498021
0.174115   0.321493   -0.336076
0.335314   0.171999   -0.349002
0.488106   -0.488951   -0.176934
-0.337544   -0.316863   -0.176837
-0.484154   -0.321499   0.00211121
-0.342478   -0.489336   -0.0176933
-0.173403   -0.488092   -0.172471
-0.00353539   -0.312   -0.139042
-0.184644   -0.31435   -0.0235614
-0.00667389   -0.497739   -0.0227237
0.173014   -0.492699   -0.163306
0.319735   -0.303989   -0.174123
0.165929   -0.316075   0.00765052
0.343228   -0.471934   -0.0243119
0.48172   -0.155624   -0.156227
-0.33277   0.00820567   -0.166385
0.499766   -0.00473809   0.0114652
-0.329727   -0.153675   -0.0212811
-0.159078   -0.159636   -0.174791
-0.00244029   0.0123063   -0.153909
-0.170253   0.0201888   -0.00179587
-0.0201487   -0.163958   0.00522941
0.15672   -0.142442   -0.162171
0.329329   0.0156544   -0.157697
0.166265   -0.0176167   0.0104041
0.328657   -0.166526   0.00463513
0.480894   0.173912   -0.162098
-0.326931   0.330627   -0.142494
0.482291   0.352925   -0.035512
-0.335447   0.159446   -0.014024
-0.17818   0.172211   -0.167461
-0.0132528   0.328434   -0.170461
-0.153403   0.32557   -0.00148789
0.0275927   0.182743   0.0104275
0.163968   0.158249   -0.160176
0.324348   0.320605   -0.170223
0.171338   0.343433   0.000845884
0.325371   0.175599   -0.0059869
-0.48426   0.498438   0.15823
-0.343553   -0.334912   0.161117
0.499322   -0.349474   0.349932
-0.342898   -0.493225   0.358847
-0.190561   -0.493108   0.175196
-0.0126507   -0.344931   0.15289
-0.182471   -0.337633   0.342718
-0.000569146   0.498317   0.337268
0.156808   -0.496749   0.147299
0.34967   -0.352166   0.161577
0.176317   -0.351228   0.328946
0.336031   0.486317   0.33376
0.492798   -0.173909   0.181468
-0.316013   0.0139921   0.159926
-0.477085   -0.00181952   0.328999
-0.326557   -0.184933   0.350436
-0.167252   -0.163138   0.169238
-0.0107084   -0.00516695   0.155897
-0.147732   -0.01395   0.322643
0.00540301   -0.178571   0.338425
0.171634   -0.171102   0.182464
0.343335   -0.0139956   0.16123
0.167095   0.000677506   0.345
0.351441   -0.192467   0.341012
0.498272   0.1684   0.1537
-0.356099   0.314952   0.160912
-0.497908   0.309715   0.347118
-0.325573   0.167951   0.321717
-0.163434   0.17357   0.172776
-0.00381749   0.349411   0.184642
-0.171703   0.338372   0.327005
0.00299201   0.168233   0.329909
0.166975   0.157123   0.167384
0.351486   0.353611   0.14684
0.177618   0.333947   0.338659
0.33191   0.135503   0.306822
