-0.385175   0.0499352   -1.40142
-0.375215   0.962563   -1.35349
0.146038   0.879124   0.154262
2.06595   0.348684   0.570547
0.305962   1.14212   0.359628
-1.21447   1.10411   0.547002
-1.49245   0.376735   -0.690438
0.170614   -1.35046   1.20971
0.574757   -0.570885   1.49815
-1.00778   -0.215732   0.0699934
-1.52201   -0.155751   0.824205
-1.08676   -0.843019   -0.203605
0.347493   0.765106   0.355111
-1.06311   0.848291   0.152652
-0.704813   -0.528071   -1.35832
-0.291749   0.769184   -0.0152322
0.772933   -0.584953   -0.579841
-0.199511   -0.649257   -0.261972
-0.135728   -0.862102   -0.496217
-1.22657   0.725162   0.203492
-0.560093   0.0425672   -0.926796
0.18957   2.77495   -0.301599
1.2405   -0.899405   -0.585987
0.530005   -1.13779   0.503494
0.130769   -0.483   -0.493027
0.151596   -0.811233   1.23442
1.03277   1.61498   -0.138
-0.329358   -0.252694   -1.00464
0.129763   -1.28176   0.0734385
0.0917334   -0.887917   0.603243
0.521933   -0.646496   -0.995566
1.66623   -1.47084   -0.719374
-1.55766   0.552896   0.49129
1.35567   -0.164751   1.29375
-0.811824   -0.765955   -0.938009
0.121598   0.443454   0.465256
-0.229172   1.70371   1.54087
-0.114957   -0.40215   -0.215558
0.660036   -0.198245   0.928989
-1.19887   -0.466197   -0.520163
-0.0863016   -0.338462   -0.671652
0.484776   1.32179   -0.631127
0.311092   -1.5541   -0.0116459
-0.526127   1.431   -0.283612
-0.677662   -0.465713   -0.0456834
0.514552   0.468941   -0.73014
-0.938744   0.212921   0.365371
-0.223446   0.0160344   0.0856668
1.67699   -0.845644   0.968432
0.626765   0.54921   -0.771852
1.04033   -0.0336134   -0.862021
-0.841783   0.869318   -0.893889
0.053356   0.507596   -0.758868
0.327236   -0.298997   -1.64973
-0.69375   -0.373366   0.089188
-1.04898   -2.18606   0.236978
-1.30304   -1.27272   0.343257
-0.162318   0.463565   0.258584
-1.11702   -0.640702   0.143165
-0.248309   -0.0745599   0.970178
0.634388   -0.649171   -0.00102952
-1.81518   -0.720175   0.552822
0.507663   0.815421   -0.325285
1.83618   1.09368   -0.558478
0.910099   0.965975   -0.513667
1.85356   0.579744   -0.142384
1.42315   0.868831   -0.116436
-0.541213   -0.416369   0.965088
-0.849191   1.11432   0.884316
-0.856186   -0.577014   -0.298291
0.165176   -0.124947   0.557268
-1.57523   0.245264   -0.127567
-0.432091   0.0130333   -0.26429
-1.65122   1.77676   2.13659
1.6532   -0.270779   1.271
1.0009   0.00046756   -0.398533
0.492038   0.927848   -0.760539
-0.331368   0.75505   0.257833
-0.676138   0.0135224   -0.287924
1.40208   -0.596726   1.5219
1.26777   -1.60462   0.918523
-0.127018   -2.45073   -1.87065
-0.218559   -0.256819   0.141075
0.42144   1.56234   0.402553
0.444578   -0.77067   1.29919
0.564847   0.631499   0.922829
1.14784   -0.465044   -0.884152
-0.0254984   -1.46496   0.814191
-0.659218   0.925476   0.395069
0.932987   1.01297   -0.0384141
0.163112   -0.679691   -0.290745
1.43479   1.04431   -0.647875
-0.587182   1.61751   0.285815
-0.0528047   -0.701104   -0.286956
-0.894748   1.03096   -0.522313
-0.841063   -2.15487   0.53794
0.0404238   -0.206045   -0.516653
0.60481   0.547048   -1.27039
0.319587   0.547021   1.30513
-0.0318371   -1.26333   0.394541
0.842078   1.3104   -1.23995
1.35253   -0.631107   -1.07356
-0.917029   1.01449   1.52761
-0.754171   -0.581429   -0.865334
-0.913984   -1.4146   0.110594
1.03165   -0.512211   -0.81
-1.65943   0.0574801   0.328235
0.097226   0.809618   0.55046
