-0.36556   -0.436742   -0.100336
-0.0226864   -0.402451   0.496931
-0.380502   -0.105924   -0.0527628
-0.400028   -0.459795   -0.420301
-7.58944e-05   -0.379924   0.209626
0.212789   0.175617   0.2793
0.346929   0.492749   -0.0872422
0.224248   -0.426229   -0.285797
-0.0887549   0.335886   -0.195934
0.471451   0.302619   -0.424643
0.0219491   -0.35427   0.0183577
0.349342   0.268655   -0.0460025
0.252769   0.375139   0.344594
-0.415582   0.140191   0.413822
-0.370878   -0.261413   -0.445131
0.0820836   0.111887   0.107867
0.100825   0.0224154   -0.0946643
-0.0600056   -0.175084   0.0866803
-0.0904253   0.0356701   -0.00492808
0.113155   0.413749   -0.47675
-0.0685228   0.468697   0.0961942
0.390006   -0.086396   -0.0877573
-0.224352   0.470878   -0.49091
0.132336   0.450965   -0.0786939
-0.475104   -0.104675   0.44565
0.0645704   0.0771825   -0.265992
0.287647   0.327324   -0.219977
0.1795   0.30995   0.0606761
0.234009   -0.441775   0.473014
-0.407739   0.317574   0.18411
0.45167   0.291004   0.338714
0.482749   -0.303768   0.417158
-0.162653   0.21859   -0.383768
0.23329   -0.299889   0.1173
-0.0734957   -0.491977   -0.122236
-0.437094   0.379405   -0.190284
-0.194577   0.033416   0.446008
-0.0326239   0.077385   0.259352
-0.411122   0.253584   -0.0306216
-0.147196   0.0500263   -0.303436
0.169814   -0.482342   0.118171
-0.26934   0.234994   -0.209162
0.339953   -0.288225   -0.200674
-0.233195   0.387268   -0.0355637
0.0933957   -0.0785888   0.169947
-0.323539   0.365517   -0.361593
-0.270041   -0.0955573   0.0974318
0.386603   0.0927973   0.391625
-0.0427974   -0.0809525   -0.46987
-0.0549021   -0.248991   -0.125341
0.487123   -0.439512   -0.245359
0.280056   0.0964947   -0.241907
0.380226   0.161477   0.182279
0.489463   0.487247   0.0485203
0.0718701   -0.133016   -0.239752
-0.163253   -0.248065   -0.44089
-0.153599   0.470632   0.28433
0.46449   0.0340155   -0.42654
-0.452619   -0.175927   -0.227696
0.344836   0.379544   0.179054
-0.348382   0.145511   -0.392804
0.29574   -0.1239   0.474079
-0.337846   -0.19577   0.330293
-0.479191   -0.0113331   0.270524
-0.413   0.0498065   0.0881277
0.270596   -0.275586   0.329631
-0.280012   0.099008   0.218061
0.0474984   0.462878   0.326005
-0.366203   0.057421   -0.200871
0.469687   -0.276217   -0.0166002
0.114343   -0.0377029   0.360162
0.357682   -0.425196   0.208168
0.0876955   0.247057   -0.134836
0.466303   0.487066   0.382006
0.105774   -0.217285   0.427663
0.0510116   0.252639   -0.366668
-0.0453158   0.289339   -0.00920486
-0.185515   -0.376222   0.0295794
0.362774   -0.112319   -0.32729
-0.0787354   0.412681   -0.381441
0.166449   -0.0418789   -0.404866
0.189195   -0.1721   -0.0473114
-0.154391   0.220025   0.405383
0.449218   0.1754   -0.256734
-0.185441   0.3023   0.188567
-0.334262   -0.429563   0.372882
-0.223103   -0.275226   -0.233881
-0.318565   0.338529   0.356679
-0.0345391   -0.407338   -0.298357
0.110905   -0.339906   -0.160744
0.375826   -0.294506   -0.42313
0.319457   -0.0605271   0.267137
0.0752798   0.421265   -0.285072
-0.215577   -0.326761   0.218903
0.367603   0.485059   -0.421112
-0.214773   -0.0484109   -0.126897
0.448959   -0.0927431   0.109333
0.0111104   0.27646   0.226633
0.0749198   0.150334   0.447432
-0.231151   -0.467821   -0.268058
0.0884696   -0.254288   -0.394671
-0.288842   -0.0780991   -0.35622
-0.315653   0.496059   0.158595
-0.132447   -0.10732   0.277148
0.264488   0.0187462   0.0898291
-0.467944   -0.341227   0.20934
0.443898   0.0905255   -0.048229
0.289125   0.202078   -0.45136
