0.586438   -0.739127   -0.120694
-0.558214   1.28569   -0.230439
-0.198337   -1.46045   -1.54514
-0.145085   0.273121   -0.280593
0.817994   -0.183876   -0.770179
-0.0643348   0.0405129   -0.474954
-1.59965   -0.113373   0.375572
0.990569   -0.326981   0.159542
0.617805   -1.59849   3.28353
-0.618905   -1.34202   0.500503
-0.810625   0.481009   0.114303
-1.03913   1.9569   -0.278683
1.53908   0.314294   0.306329
-0.207158   -2.39662   0.120068
-0.592006   -0.967623   1.20002
0.966032   -0.75979   1.78209
1.94147   0.629464   -1.07847
0.0250953   0.166688   1.41903
-1.14216   -0.387876   0.173993
1.5515   -0.906822   -0.645047
1.25765   0.558102   0.304416
0.414091   -0.740689   -0.725172
-1.07731   -1.24336   0.414612
-0.488043   -0.131243   -0.5343
0.711433   -0.953376   -0.772042
-0.216272   2.95818   0.570864
-0.339005   0.657777   0.552172
0.719539   1.602   -1.64439
2.04125   -0.163541   0.161251
-2.15273   -0.607655   -0.202796
-0.0932817   -1.23768   1.39856
-1.068   0.524954   0.141912
-1.60291   -0.360079   -0.520999
1.08992   -0.688236   0.220264
1.40895   0.9019   -0.908116
-0.849228   1.2275   0.254514
-0.889195   -0.0192173   1.24422
-2.36086   -0.523758   -0.596851
0.00659721   -1.72738   -0.169289
0.881701   -1.57131   -1.23878
-1.27871   2.07853   0.543444
1.38705   0.710714   -0.407803
1.01896   0.913849   -0.328915
-0.802791   0.777554   -0.467661
-1.08581   0.541729   -0.243462
-0.045084   -0.384118   -0.805225
-0.214769   1.21581   -0.925652
-1.19936   2.25881   0.164145
0.599734   0.18307   -0.919124
0.492782   1.10396   -0.0330241
-0.619446   -0.859568   0.103307
1.65699   2.52842   -0.0635798
0.194005   0.0289545   1.36337
1.07794   -0.3848   1.14959
-0.974979   -1.30394   -0.439568
-0.587481   0.663783   0.212967
0.382028   -0.669604   -2.66728
-1.61469   1.16882   0.0105425
0.0586112   -0.771671   -0.410443
-1.82954   -0.595024   -1.35637
1.09981   -0.204617   -2.12749
1.2602   -0.421276   1.39181
-1.72029   0.794842   -0.862059
0.636897   0.268906   0.792446
0.332273   -1.50612   -0.869742
-1.39224   0.831694   -0.57548
-2.51928   0.354721   -2.55939
0.775484   -1.29244   -0.985448
-1.49202   1.24373   1.24834
-0.0825074   1.42945   0.23049
0.100841   0.245082   -0.331604
1.41518   0.242566   -1.03685
-1.41962   -2.49434   1.72933
0.257533   -1.62301   -0.481251
-0.484777   -0.884763   0.155588
-0.912782   1.34208   0.894533
0.639758   0.507649   -0.45634
-0.245759   0.988269   1.36216
-0.192562   -1.56997   -0.678149
-0.241018   -0.218153   1.23735
0.880578   -0.472829   -0.322995
-0.972157   2.28739   0.164272
0.702403   0.153176   0.833623
-0.0510867   0.640647   -1.11426
-0.804053   -1.10319   1.13164
0.586337   2.04899   0.959434
-0.220723   -0.737796   0.328684
2.36981   0.718756   -1.06741
-0.202989   0.106996   -0.318934
-0.671139   0.345023   0.0313188
1.42528   -1.16086   -0.530738
0.538621   0.40854   0.763872
-0.769102   -0.359697   0.739459
0.37756   0.627799   -0.310199
-0.506565   -0.882296   -0.65141
0.0191794   1.70565   -0.335367
2.584   0.848987   -0.15715
0.026244   0.0884143   1.99643
0.832047   -0.677273   1.32217
0.898623   -0.353065   -0.763432
-0.498844   0.679906   1.06956
0.800773   -0.231755   -0.365314
-1.19938   -1.50839   1.12623
1.50175   -1.21877   2.76217
0.578066   -2.46605   -1.39039
1.60135   -0.404182   -0.0922154
-0.405032   0.465198   -0.15662
-1.3068   0.783616   -0.170776
