-0.437342   -0.442074   -0.00796801
0.41814   -0.266054   -0.0696142
0.365502   0.497796   -0.10925
-0.284648   0.215626   -0.118275
0.00397929   -0.443151   0.144024
-0.010177   -0.0899227   -0.435963
-0.380934   -0.317112   -0.270048
0.14323   -0.426276   -0.477834
0.364518   0.468386   0.254627
0.493308   0.145326   0.229068
0.189201   -0.276286   -0.380491
0.161884   0.248694   0.0986545
-0.385853   -0.288944   0.230457
-0.348224   -0.111585   -0.413326
-0.433353   -0.139966   -0.183364
-0.360369   0.115977   -0.349334
-0.259099   0.0847051   0.205569
-0.386599   -0.138943   0.396374
0.0499805   -0.216253   -0.224358
-0.231013   -0.119802   0.260366
0.0486543   0.275053   -0.063896
0.399106   -0.362092   -0.28815
0.0335877   -0.362444   -0.0706815
0.371442   0.346137   0.462287
-0.400789   0.307651   -0.318996
0.241623   0.164592   -0.42269
0.345094   -0.0345329   -0.0433124
-0.222471   0.223648   -0.453175
-0.175515   -0.166171   0.476943
-0.0377867   0.432899   -0.440877
-0.399365   0.390263   0.48124
0.0633866   -0.0588785   -0.0851822
0.42623   0.221906   -0.280962
-0.466781   0.344677   0.198085
-0.118024   0.266838   0.396774
0.44247   0.416094   -0.321562
-0.438996   -0.471456   -0.415587
-0.48981   -0.310608   0.40616
-0.380913   -0.214107   0.0350047
0.26305   0.306983   -0.181344
-0.152909   -0.472554   0.277623
-0.238224   -0.439577   -0.372806
-0.0172775   -0.313924   -0.413199
-0.0987048   0.40058   0.0201971
0.165859   0.119908   0.253197
-0.13827   -0.202334   0.0105441
0.103072   0.0527507   0.462061
0.160974   0.444292   -0.0756292
0.353166   -0.37983   -0.481694
-0.241893   -0.0764726   -0.149369
0.336639   0.00874655   0.194314
-0.13206   -0.205496   -0.297586
-0.0197916   -0.303573   0.347393
-0.332551   0.356324   0.0229126
-0.450162   -0.0401991   0.235543
0.221796   -0.203301   -0.0238754
-0.0399994   -0.0967497   0.328997
0.221673   0.116433   -0.140874
-0.00530071   -0.0203906   0.125994
0.33393   -0.170316   -0.230601
-0.468359   0.0721607   -0.151992
-0.432549   0.124266   0.0440774
0.415658   -0.362796   0.118369
-0.271067   0.345859   0.213169
0.0357465   -0.455455   -0.279509
0.16609   0.350854   -0.435267
-0.218326   0.43418   0.456509
-0.138994   -0.469028   -0.156676
-0.0665762   0.0826121   -0.364456
0.473283   0.290852   -0.108443
-0.118354   0.130279   -0.102525
0.208385   -0.332047   -0.187904
-0.378301   0.492916   -0.203169
-0.187537   -0.30509   0.178391
0.258125   -0.0912504   -0.487829
-0.381104   -0.475807   0.305937
-0.246302   -0.439966   0.0156692
0.192408   -0.0458528   -0.307265
0.0879154   0.252872   0.384504
0.214703   -0.40528   0.0491941
0.242449   0.48948   -0.292502
0.361149   0.379551   0.0686191
0.188042   0.445865   0.380256
0.339984   -0.261195   0.325419
0.106056   -0.183359   0.434694
-0.254355   -0.00956048   0.0373203
-0.160302   0.332593   -0.266786
-0.258866   -0.356002   0.429639
0.0232749   -0.213881   0.161729
-0.0768492   0.172427   0.0875673
-0.0769903   0.106984   0.286491
0.448194   -0.141056   0.0998081
0.187358   -0.0756753   0.286018
0.303283   0.0869372   0.399938
0.49479   0.00825281   0.430392
0.472231   -0.181941   -0.417883
0.151838   0.0542475   0.0618966
-0.249266   0.0437749   0.455601
0.41944   0.0035885   -0.356545
0.0682849   0.290624   -0.259235
-0.000647626   0.336653   0.207128
-0.271193   -0.280584   -0.102953
0.174352   0.462691   0.174913
-0.345737   0.237012   0.366853
0.332778   0.250972   0.25122
0.349779   0.166183   0.0404816
0.180358   -0.351586   0.253697
0.49943   0.201818   -0.467096
