0.135464   1.30693   0.523908
0.0082557   -1.5043   0.567654
-0.810383   -1.46193   0.732099
-0.206671   -1.86693   -1.39261
0.766858   -0.301986   -1.28025
-0.498205   -0.338977   2.26592
0.864613   -1.73922   -0.684272
-1.73514   0.81292   0.644417
-1.26065   1.03598   0.0328526
1.10818   0.985748   -0.355511
-0.457671   0.0997671   1.69376
0.552298   0.931914   -0.236499
2.17193   -2.76386   -0.962219
-0.922738   -1.00679   -1.45286
0.593409   0.207669   0.272035
-1.1423   -0.235171   -1.17039
0.387146   1.25168   0.777727
-0.111334   -0.876897   1.86924
1.89013   1.05982   -1.07392
-0.291523   -2.33366   -1.67556
-0.596026   1.65831   -1.52152
-0.54092   0.932947   -0.883046
0.348427   -1.27757   0.479389
-1.00752   -0.180856   -0.0958641
0.0241831   0.402935   0.367905
1.42907   -0.762793   -2.00897
-1.58683   0.899282   -1.03651
-0.913355   -0.711546   1.01747
-1.785   1.69752   2.31591
0.22988   -0.283634   -0.306625
0.664968   -2.23811   -0.72893
1.16759   -0.256608   -0.140546
0.405781   -1.10072   -1.24321
-1.15601   0.549357   0.200176
-0.435995   3.1963   -0.234662
-0.720965   -0.463948   0.926745
0.0539441   1.08749   0.0834488
1.63124   -1.33762   0.787246
-0.239917   -1.24021   -0.43455
-1.91247   2.21734   0.018979
-0.587945   0.731937   -0.708641
0.884178   -2.57036   2.29524
-1.21802   -0.616921   0.281583
0.653635   0.0790101   0.0815052
0.891421   1.78769   -1.24292
-0.486077   -0.291718   -0.0596898
-0.832072   0.558773   1.01867
-1.63412   -0.771936   -1.01385
-0.919582   -0.743768   -1.40639
-0.707322   0.577871   -0.584139
0.367128   -0.281865   -0.354279
2.55533   -1.06614   1.17443
-1.85567   1.7015   0.451801
-0.996895   0.620664   -0.344259
0.485522   -1.28799   1.0866
1.46874   1.66043   0.765948
1.28476   -0.591783   0.761082
0.522614   0.72366   0.800843
-0.444883   -0.358404   0.00238574
-0.349631   -0.0730913   -0.779744
0.969301   0.424252   2.26164
0.267054   -0.411134   3.01575
0.287288   -0.525651   0.450463
-0.0848582   1.33751   -0.674298
0.20576   1.77255   1.22667
-1.07051   -1.50061   -0.132237
0.548716   0.2679   -0.93222
-0.935269   1.20721   0.407615
1.11971   -0.181076   -0.852889
-0.827284   -0.146551   0.779893
-1.53998   -0.0751509   0.381491
1.26637   -1.0504   -0.118637
-0.195402   0.490243   -0.323887
-0.385836   1.32797   -0.261878
0.195589   1.53039   -0.220505
0.798512   0.520192   -1.08618
0.156318   0.273494   -0.205202
-0.397619   -0.16267   1.10899
0.943806   1.17629   0.830915
-0.636479   0.480806   0.304864
-0.178906   1.6854   -1.8054
0.54481   0.792924   -0.420831
1.01802   1.50535   -2.20073
-1.03346   0.0212827   0.292091
-1.07156   -0.90927   1.14594
0.13133   0.433521   0.00447782
0.966341   -0.490102   -1.28407
-0.429794   0.0686698   -0.117548
0.950884   -2.47166   -1.0553
-1.09513   -2.15342   0.192962
0.895431   -0.926751   -0.531171
0.143218   0.87389   -1.18965
0.168158   1.30117   -0.726371
-1.07541   -1.11148   0.252402
0.789283   -1.39541   0.822471
-1.32446   -0.0722239   -1.15768
0.34272   0.262   -0.605889
1.08145   1.23478   -1.44728
0.628196   0.355128   -1.68545
1.16277   -0.541202   1.64157
-1.58875   -0.15991   0.201127
-1.78574   -0.512927   2.71959
1.28524   1.88154   0.0219085
0.477119   -0.526071   -0.0419002
1.30023   -1.04286   1.6855
1.23696   0.558781   1.21669
-0.681696   -1.5048   -0.557896
1.2747   0.249958   -0.214409
