-0.487399   -0.488977   0.484157
-0.317417   -0.338925   0.492378
-0.491624   -0.337685   -0.322155
-0.316094   0.493698   -0.339469
-0.160797   0.492055   -0.494569
0.0159235   -0.331941   -0.490641
-0.158436   -0.323699   -0.324987
-0.0039901   0.498007   -0.331058
0.188642   0.490581   0.499613
0.341925   -0.338289   0.498286
0.161808   -0.346122   -0.32737
0.336132   0.478785   -0.331945
0.48532   -0.181525   -0.492573
-0.363273   -0.0280866   -0.486547
0.480845   -0.000705269   -0.326278
-0.342623   -0.170091   -0.333843
-0.160435   -0.164164   -0.492668
-0.000146238   -0.00137429   0.491046
-0.171487   -0.0176683   -0.317128
0.0220009   -0.174787   -0.336862
0.171718   -0.148293   0.492783
0.331992   -0.0181663   0.499507
0.172836   0.0102564   -0.336159
0.323232   -0.165049   -0.337779
0.486124   0.165123   -0.486345
-0.335101   0.317672   -0.492296
-0.493906   0.341282   -0.337588
-0.348436   0.143399   -0.353603
-0.17792   0.153491   -0.498065
-0.00710304   0.324259   -0.495831
-0.171534   0.299494   -0.343462
0.00934016   0.166054   -0.33455
0.167457   0.16773   0.482515
0.324386   0.325425   0.489067
0.165576   0.338168   -0.321429
0.315469   0.165531   -0.339944
0.480122   -0.49678   -0.1609
-0.325386   -0.333754   -0.180102
0.498706   -0.333108   0.0176106
-0.329296   -0.492138   -0.010724
-0.161173   -0.483848   -0.162646
0.0108863   -0.351586   -0.157534
-0.165778   -0.319222   0.0184922
0.00878836   0.493756   0.00550077
0.168395   0.497027   -0.171857
0.318882   -0.331902   -0.164607
0.183026   -0.326119   -0.00342018
0.340057   -0.477123   0.00985188
0.486212   -0.159808   -0.179065
-0.3236   0.0100997   -0.181279
-0.487703   0.00340652   -0.012739
-0.334738   -0.174449   0.000723092
-0.135823   -0.182335   -0.154681
0.0207111   0.00137013   -0.180765
-0.159016   -0.0102506   0.00160177
0.0100985   -0.159314   -0.00190102
0.170799   -0.179101   -0.181464
0.322314   0.00198624   -0.168471
0.162896   -0.000349654   -0.0237304
0.339271   -0.155883   0.00263148
0.494445   0.173131   -0.182969
-0.334545   0.339074   -0.170762
-0.481844   0.332877   0.0106131
-0.315425   0.157686   -0.0182775
-0.165958   0.169434   -0.165125
-0.00605533   0.327659   -0.157497
-0.187574   0.358382   -0.0244078
0.00156794   0.173513   -0.00185924
0.177624   0.169878   -0.170887
0.340717   0.335996   -0.139851
0.168924   0.338327   0.00153097
0.349433   0.166865   0.000969054
0.493139   0.494338   0.176738
-0.325825   -0.322212   0.181847
-0.487428   -0.319917   0.337181
-0.32811   -0.498554   0.337993
-0.167214   -0.494968   0.16897
0.010557   -0.331819   0.182948
-0.1662   -0.344208   0.334048
-0.0138834   0.496765   0.334581
0.164069   -0.492393   0.191416
0.334045   -0.325225   0.174687
0.175916   -0.338189   0.344645
0.346446   -0.485453   0.338405
0.498602   -0.158863   0.178259
-0.342542   0.0161433   0.135961
0.498819   0.00519043   0.33796
-0.332931   -0.156954   0.326168
-0.161734   -0.161275   0.188095
-0.00460804   0.0120973   0.168812
-0.189892   0.00648509   0.330542
-0.00205902   -0.159391   0.34179
0.143365   -0.155824   0.159629
0.338366   0.00701487   0.157895
0.163443   0.0130265   0.306123
0.313209   -0.151499   0.315495
0.490976   0.171725   0.163279
-0.340333   0.339358   0.175977
0.485661   0.327892   0.34902
-0.365232   0.165384   0.33228
-0.196629   0.168801   0.169357
0.00224322   0.33224   0.179414
-0.172691   0.328378   0.345011
-0.000508465   0.1692   0.325203
0.166903   0.171289   0.148845
0.329662   0.316628   0.159763
0.173695   0.328629   0.3188
0.335738   0.147301   0.336648
