-1.22254   -1.16674   -0.0667917
-0.139993   1.4708   -0.715649
-1.06997   -0.313503   -0.437998
1.3623   -0.0739992   1.26422
-1.5709   0.52577   0.158366
-0.164876   0.291274   -1.47908
-0.672217   1.34304   0.348927
-0.0785102   0.167695   -1.03172
1.37223   -0.361207   0.937585
1.24411   -1.13433   0.474167
-0.281734   1.16907   0.395368
1.01892   1.56283   -0.137628
-0.423539   -0.268062   -0.256264
0.705275   1.97835   0.771119
-0.0333736   0.780257   -0.397426
0.464057   0.0684512   0.0601245
-1.31646   0.103145   0.323852
1.39248   1.33935   -0.0603148
-0.00986549   0.297679   -0.20562
1.23252   -0.496468   0.246796
0.498078   0.452955   0.32885
0.178854   -0.572423   -1.73358
-0.758348   0.0302759   0.195191
-1.28199   0.56276   -0.0953767
-0.507152   0.0707204   2.59639
-0.735319   0.356587   -0.481526
-1.06521   -1.47946   0.803275
-1.29446   0.539941   0.257512
-0.11322   1.88766   -0.642721
0.466981   -0.216485   0.0116013
-1.75164   0.233805   0.117208
1.17275   0.589489   -1.33108
1.05454   1.11906   1.63289
0.821309   0.73187   -2.43354
-0.73028   -0.210577   0.643169
-0.302626   -1.32367   0.881089
1.87555   -2.33807   0.361244
-1.32812   -1.30487   0.0267157
-0.530877   -1.3676   3.43055
-1.22485   -1.50141   -0.662615
1.08236   0.840978   -0.1571
0.458745   -0.166629   -0.513491
0.425594   -0.102202   3.03092
0.121672   1.02137   -0.0490722
0.664591   0.33454   0.333977
-0.147464   -0.364819   0.146246
-0.942848   0.938842   -0.552212
-1.64843   -0.0643801   -0.650819
0.653247   -1.66833   -0.325142
-0.266857   0.911349   -1.3069
0.67751   0.17917   0.350933
1.68816   0.279838   -1.2054
0.0660053   0.968938   -0.172368
-0.881736   -0.477314   -0.916452
0.247559   -1.20154   0.572686
0.03779   -0.341503   -0.50394
0.845229   1.58109   -0.23514
0.991509   -1.45139   -0.548497
1.20415   0.485631   0.00603397
1.53671   -0.710319   -0.109143
-1.22049   0.060889   0.776022
0.215047   -1.00253   0.724333
0.737892   -0.233603   -0.935243
-0.252362   0.444025   -0.0490973
-1.35478   0.0500125   1.25227
0.200759   -0.653851   -0.102522
-0.401403   -0.849513   0.811701
0.0932848   -0.527605   0.101893
-0.705046   -0.697361   0.219391
-0.668159   -1.2526   -0.899444
-0.681929   -0.309342   -0.376542
-0.819859   0.0144549   -1.47951
2.14815   -0.0138737   -1.45091
-0.173871   0.245425   -0.347808
-0.428312   0.843548   0.570135
1.18438   -0.602945   -0.656494
1.76732   -0.347109   1.76952
-0.437937   -0.0630317   1.25268
-0.0852511   -0.106896   -0.0365963
-0.0982736   -0.30507   -0.15167
0.41184   0.859392   -0.272901
0.935229   -0.000513912   0.478894
0.134092   -0.0834484   -0.114888
-1.09415   -0.0168685   0.956425
-1.21372   -0.831043   -0.802432
-0.858457   0.651758   -0.769774
1.56143   1.1119   0.523887
-1.114   -0.484687   -0.609671
-1.59493   -1.32708   1.51225
-0.304053   1.37255   0.394469
0.249335   0.0370364   -0.949054
0.0206355   -0.983195   0.320617
1.66443   -0.390523   -0.848029
-0.620417   -0.900916   -0.962029
0.896136   0.552308   0.608672
-1.31135   1.02194   -0.329376
-0.891168   0.84601   -0.871932
0.570776   -0.276986   -0.118915
-0.169255   -1.31903   -0.227223
0.478977   1.71778   1.05122
-0.949347   0.298902   -1.33218
-0.683219   0.380446   -0.372798
-0.833901   -0.238982   1.73365
-0.0392825   -0.240113   -0.143035
0.0793985   -0.475618   0.421587
1.47482   -0.241346   -0.549353
0.176987   0.0287617   -1.07845
0.938619   -0.298749   0.0658495
